[2024-10-14T14:31:15.038Z] starting `/usr/local/lib/heroku/bin/heroku update --autoupdate` from /usr/local/lib/heroku/bin/run version
waiting until 2024-10-14T15:31:15.027Z to update
waiting until 2024-10-14T15:31:36.402Z to update
waiting until 2024-10-14T15:33:07.700Z to update
waiting until 2024-10-14T15:33:07.700Z to update
waiting until 2024-10-14T15:35:12.503Z to update
waiting until 2024-10-14T15:35:12.503Z to update
waiting until 2024-10-14T15:35:12.503Z to update
waiting until 2024-10-14T15:35:12.503Z to update
waiting until 2024-10-14T15:35:12.503Z to update
waiting until 2024-10-14T15:35:12.503Z to update
waiting until 2024-10-14T15:35:12.503Z to update
waiting until 2024-10-14T15:35:12.503Z to update
waiting until 2024-10-14T15:35:12.503Z to update
waiting until 2024-10-14T15:35:12.503Z to update
waiting until 2024-10-14T15:35:12.503Z to update
waiting until 2024-10-14T15:35:12.503Z to update
waiting until 2024-10-14T15:35:12.503Z to update
waiting until 2024-10-14T15:35:12.503Z to update
waiting until 2024-10-14T15:35:12.503Z to update
waiting until 2024-10-14T15:35:12.503Z to update
waiting until 2024-10-14T15:35:12.503Z to update
waiting until 2024-10-14T15:35:12.503Z to update
waiting until 2024-10-14T15:35:12.503Z to update
waiting until 2024-10-14T15:35:12.503Z to update
waiting until 2024-10-14T15:35:12.503Z to update
waiting until 2024-10-14T15:35:12.503Z to update
waiting until 2024-10-14T15:35:12.503Z to update
waiting until 2024-10-14T15:35:12.503Z to update
waiting until 2024-10-14T15:35:12.503Z to update
waiting until 2024-10-14T15:35:12.503Z to update
waiting until 2024-10-14T15:35:12.503Z to update
waiting until 2024-10-14T15:35:12.503Z to update
waiting until 2024-10-14T15:35:12.503Z to update
waiting until 2024-10-14T15:35:12.503Z to update
waiting until 2024-10-14T15:35:12.503Z to update
waiting until 2024-10-14T15:35:12.503Z to update
waiting until 2024-10-14T15:35:12.503Z to update
waiting until 2024-10-14T15:35:12.503Z to update
waiting until 2024-10-14T15:35:12.503Z to update
waiting until 2024-10-14T15:35:12.503Z to update
waiting until 2024-10-14T15:35:12.503Z to update
waiting until 2024-10-14T15:35:12.503Z to update
waiting until 2024-10-14T15:35:12.503Z to update
waiting until 2024-10-14T15:35:12.503Z to update
waiting until 2024-10-14T15:35:12.503Z to update
waiting until 2024-10-14T15:35:12.503Z to update
waiting until 2024-10-14T15:35:12.503Z to update
waiting until 2024-10-14T15:35:12.503Z to update
waiting until 2024-10-14T15:35:12.503Z to update
waiting until 2024-10-14T15:35:12.503Z to update
waiting until 2024-10-14T15:35:12.503Z to update
waiting until 2024-10-14T15:35:12.503Z to update
waiting until 2024-10-14T15:35:12.503Z to update
waiting until 2024-10-14T15:35:12.503Z to update
waiting until 2024-10-14T15:35:12.503Z to update
waiting until 2024-10-14T15:35:12.503Z to update
waiting until 2024-10-14T15:35:12.503Z to update
waiting until 2024-10-14T15:35:12.503Z to update
waiting until 2024-10-14T15:35:12.503Z to update
waiting until 2024-10-14T15:35:12.503Z to update
time to update
heroku: Updating CLI...
[G[1A[Jheroku: Updating CLI... [38;5;104m⣾[0m
[G[1A[Jheroku: Updating CLI... [38;5;104m⣽[0m
[G[1A[Jheroku: Updating CLI... [38;5;104m⣻[0m
[G[1A[Jheroku: Updating CLI... [38;5;104m⢿[0m
[G[1A[Jheroku: Updating CLI... [38;5;104m⡿[0m fetching manifest
[G[1A[Jheroku: Updating CLI... [38;5;104m⣟[0m fetching manifest
[G[1A[Jheroku: Updating CLI from 9.3.0 to 9.3.0-65eb66a...
[G[1A[Jheroku: Updating CLI from 9.3.0 to 9.3.0-65eb66a... [38;5;104m⣯[0m 16.0 KB/72.1 MB
[G[1A[Jheroku: Updating CLI from 9.3.0 to 9.3.0-65eb66a... [38;5;104m⣷[0m 16.0 KB/72.1 MB
[G[1A[Jheroku: Updating CLI from 9.3.0 to 9.3.0-65eb66a... [38;5;104m⣾[0m 16.0 KB/72.1 MB
[G[1A[Jheroku: Updating CLI from 9.3.0 to 9.3.0-65eb66a... [38;5;104m⣽[0m 126.9 KB/72.1 MB
[G[1A[Jheroku: Updating CLI from 9.3.0 to 9.3.0-65eb66a... [38;5;104m⣻[0m 126.9 KB/72.1 MB
[G[1A[Jheroku: Updating CLI from 9.3.0 to 9.3.0-65eb66a... [38;5;104m⢿[0m 126.9 KB/72.1 MB
[G[1A[Jheroku: Updating CLI from 9.3.0 to 9.3.0-65eb66a... [38;5;104m⡿[0m 233.9 KB/72.1 MB
[G[1A[Jheroku: Updating CLI from 9.3.0 to 9.3.0-65eb66a... [38;5;104m⣟[0m 233.9 KB/72.1 MB
[G[1A[Jheroku: Updating CLI from 9.3.0 to 9.3.0-65eb66a... [38;5;104m⣯[0m 233.9 KB/72.1 MB
[G[1A[Jheroku: Updating CLI from 9.3.0 to 9.3.0-65eb66a... [38;5;104m⣷[0m 414.2 KB/72.1 MB
[G[1A[Jheroku: Updating CLI from 9.3.0 to 9.3.0-65eb66a... [38;5;104m⣾[0m 414.2 KB/72.1 MB
[G[1A[Jheroku: Updating CLI from 9.3.0 to 9.3.0-65eb66a... [38;5;104m⣽[0m 414.2 KB/72.1 MB
[G[1A[Jheroku: Updating CLI from 9.3.0 to 9.3.0-65eb66a... [38;5;104m⣻[0m 479.8 KB/72.1 MB
[G[1A[Jheroku: Updating CLI from 9.3.0 to 9.3.0-65eb66a... [38;5;104m⢿[0m 479.8 KB/72.1 MB
[G[1A[Jheroku: Updating CLI from 9.3.0 to 9.3.0-65eb66a... [38;5;104m⡿[0m 479.8 KB/72.1 MB
[G[1A[Jheroku: Updating CLI from 9.3.0 to 9.3.0-65eb66a... [38;5;104m⣟[0m 558.7 KB/72.1 MB
[G[1A[Jheroku: Updating CLI from 9.3.0 to 9.3.0-65eb66a... [38;5;104m⣯[0m 558.7 KB/72.1 MB
[G[1A[Jheroku: Updating CLI from 9.3.0 to 9.3.0-65eb66a... [38;5;104m⣷[0m 558.7 KB/72.1 MB
[G[1A[Jheroku: Updating CLI from 9.3.0 to 9.3.0-65eb66a... [38;5;104m⣾[0m 638.7 KB/72.1 MB
[G[1A[Jheroku: Updating CLI from 9.3.0 to 9.3.0-65eb66a... [38;5;104m⣽[0m 638.7 KB/72.1 MB
[G[1A[Jheroku: Updating CLI from 9.3.0 to 9.3.0-65eb66a... [38;5;104m⣻[0m 638.7 KB/72.1 MB
[G[1A[Jheroku: Updating CLI from 9.3.0 to 9.3.0-65eb66a... [38;5;104m⢿[0m 638.7 KB/72.1 MB
[G[1A[Jheroku: Updating CLI from 9.3.0 to 9.3.0-65eb66a... [38;5;104m⡿[0m 670.7 KB/72.1 MB
[G[1A[Jheroku: Updating CLI from 9.3.0 to 9.3.0-65eb66a... [38;5;104m⣟[0m 670.7 KB/72.1 MB
[G[1A[Jheroku: Updating CLI from 9.3.0 to 9.3.0-65eb66a... [38;5;104m⣯[0m 670.7 KB/72.1 MB
[G[1A[Jheroku: Updating CLI from 9.3.0 to 9.3.0-65eb66a... [38;5;104m⣷[0m 686.7 KB/72.1 MB
[G[1A[Jheroku: Updating CLI from 9.3.0 to 9.3.0-65eb66a... [38;5;104m⣾[0m 686.7 KB/72.1 MB
[G[1A[Jheroku: Updating CLI from 9.3.0 to 9.3.0-65eb66a... [38;5;104m⣽[0m 718.7 KB/72.1 MB
[G[1A[Jheroku: Updating CLI from 9.3.0 to 9.3.0-65eb66a... [38;5;104m⣻[0m 718.7 KB/72.1 MB
[G[1A[Jheroku: Updating CLI from 9.3.0 to 9.3.0-65eb66a... [38;5;104m⢿[0m 718.7 KB/72.1 MB
[G[1A[Jheroku: Updating CLI from 9.3.0 to 9.3.0-65eb66a... [38;5;104m⡿[0m 718.7 KB/72.1 MB
[G[1A[Jheroku: Updating CLI from 9.3.0 to 9.3.0-65eb66a... [38;5;104m⣟[0m 784.3 KB/72.1 MB
[G[1A[Jheroku: Updating CLI from 9.3.0 to 9.3.0-65eb66a... [38;5;104m⣯[0m 784.3 KB/72.1 MB
[G[1A[Jheroku: Updating CLI from 9.3.0 to 9.3.0-65eb66a... [38;5;104m⣷[0m 784.3 KB/72.1 MB
[G[1A[Jheroku: Updating CLI from 9.3.0 to 9.3.0-65eb66a... [38;5;104m⣾[0m 907.7 KB/72.1 MB
[G[1A[Jheroku: Updating CLI from 9.3.0 to 9.3.0-65eb66a... [38;5;104m⣽[0m 907.7 KB/72.1 MB
[G[1A[Jheroku: Updating CLI from 9.3.0 to 9.3.0-65eb66a... [38;5;104m⣻[0m 907.7 KB/72.1 MB
[G[1A[Jheroku: Updating CLI from 9.3.0 to 9.3.0-65eb66a... [38;5;104m⢿[0m 992.8 KB/72.1 MB
[G[1A[Jheroku: Updating CLI from 9.3.0 to 9.3.0-65eb66a... [38;5;104m⡿[0m 992.8 KB/72.1 MB
[G[1A[Jheroku: Updating CLI from 9.3.0 to 9.3.0-65eb66a... [38;5;104m⣟[0m 992.8 KB/72.1 MB
[G[1A[Jheroku: Updating CLI from 9.3.0 to 9.3.0-65eb66a... [38;5;104m⣯[0m 1.1 MB/72.1 MB
[G[1A[Jheroku: Updating CLI from 9.3.0 to 9.3.0-65eb66a... [38;5;104m⣷[0m 1.1 MB/72.1 MB
[G[1A[Jheroku: Updating CLI from 9.3.0 to 9.3.0-65eb66a... [38;5;104m⣾[0m 1.1 MB/72.1 MB
[G[1A[Jheroku: Updating CLI from 9.3.0 to 9.3.0-65eb66a... [38;5;104m⣽[0m 1.1 MB/72.1 MB
[G[1A[Jheroku: Updating CLI from 9.3.0 to 9.3.0-65eb66a... [38;5;104m⣻[0m 1.1 MB/72.1 MB
[G[1A[Jheroku: Updating CLI from 9.3.0 to 9.3.0-65eb66a... [38;5;104m⢿[0m 1.1 MB/72.1 MB
[G[1A[Jheroku: Updating CLI from 9.3.0 to 9.3.0-65eb66a... [38;5;104m⡿[0m 1.1 MB/72.1 MB
[G[1A[Jheroku: Updating CLI from 9.3.0 to 9.3.0-65eb66a... [38;5;104m⣟[0m 1.1 MB/72.1 MB
[G[1A[Jheroku: Updating CLI from 9.3.0 to 9.3.0-65eb66a... [38;5;104m⣯[0m 1.1 MB/72.1 MB
[G[1A[Jheroku: Updating CLI from 9.3.0 to 9.3.0-65eb66a... [38;5;104m⣷[0m 1.2 MB/72.1 MB
[G[1A[Jheroku: Updating CLI from 9.3.0 to 9.3.0-65eb66a... [38;5;104m⣾[0m 1.2 MB/72.1 MB
[G[1A[Jheroku: Updating CLI from 9.3.0 to 9.3.0-65eb66a... [38;5;104m⣽[0m 1.3 MB/72.1 MB
[G[1A[Jheroku: Updating CLI from 9.3.0 to 9.3.0-65eb66a... [38;5;104m⣻[0m 1.3 MB/72.1 MB
[G[1A[Jheroku: Updating CLI from 9.3.0 to 9.3.0-65eb66a... [38;5;104m⢿[0m 1.3 MB/72.1 MB
[G[1A[Jheroku: Updating CLI from 9.3.0 to 9.3.0-65eb66a... [38;5;104m⡿[0m 1.5 MB/72.1 MB
[G[1A[Jheroku: Updating CLI from 9.3.0 to 9.3.0-65eb66a... [38;5;104m⣟[0m 1.5 MB/72.1 MB
[G[1A[Jheroku: Updating CLI from 9.3.0 to 9.3.0-65eb66a... [38;5;104m⣯[0m 1.9 MB/72.1 MB
[G[1A[Jheroku: Updating CLI from 9.3.0 to 9.3.0-65eb66a... [38;5;104m⣷[0m 1.9 MB/72.1 MB
[G[1A[Jheroku: Updating CLI from 9.3.0 to 9.3.0-65eb66a... [38;5;104m⣾[0m 1.9 MB/72.1 MB
[G[1A[Jheroku: Updating CLI from 9.3.0 to 9.3.0-65eb66a... [38;5;104m⣽[0m 2.4 MB/72.1 MB
[G[1A[Jheroku: Updating CLI from 9.3.0 to 9.3.0-65eb66a... [38;5;104m⣻[0m 2.4 MB/72.1 MB
[G[1A[Jheroku: Updating CLI from 9.3.0 to 9.3.0-65eb66a... [38;5;104m⢿[0m 2.4 MB/72.1 MB
[G[1A[Jheroku: Updating CLI from 9.3.0 to 9.3.0-65eb66a... [38;5;104m⡿[0m 2.9 MB/72.1 MB
[G[1A[Jheroku: Updating CLI from 9.3.0 to 9.3.0-65eb66a... [38;5;104m⣟[0m 2.9 MB/72.1 MB
[G[1A[Jheroku: Updating CLI from 9.3.0 to 9.3.0-65eb66a... [38;5;104m⣯[0m 3.9 MB/72.1 MB
[G[1A[Jheroku: Updating CLI from 9.3.0 to 9.3.0-65eb66a... [38;5;104m⣷[0m 3.9 MB/72.1 MB
[G[1A[Jheroku: Updating CLI from 9.3.0 to 9.3.0-65eb66a... [38;5;104m⣾[0m 3.9 MB/72.1 MB
[G[1A[Jheroku: Updating CLI from 9.3.0 to 9.3.0-65eb66a... [38;5;104m⣽[0m 4.3 MB/72.1 MB
[G[1A[Jheroku: Updating CLI from 9.3.0 to 9.3.0-65eb66a... [38;5;104m⣻[0m 4.3 MB/72.1 MB
[G[1A[Jheroku: Updating CLI from 9.3.0 to 9.3.0-65eb66a... [38;5;104m⢿[0m 4.8 MB/72.1 MB
[G[1A[Jheroku: Updating CLI from 9.3.0 to 9.3.0-65eb66a... [38;5;104m⡿[0m 4.8 MB/72.1 MB
[G[1A[Jheroku: Updating CLI from 9.3.0 to 9.3.0-65eb66a... [38;5;104m⣟[0m 4.8 MB/72.1 MB
[G[1A[Jheroku: Updating CLI from 9.3.0 to 9.3.0-65eb66a... [38;5;104m⣯[0m 5.4 MB/72.1 MB
[G[1A[Jheroku: Updating CLI from 9.3.0 to 9.3.0-65eb66a... [38;5;104m⣷[0m 5.4 MB/72.1 MB
[G[1A[Jheroku: Updating CLI from 9.3.0 to 9.3.0-65eb66a... [38;5;104m⣾[0m 5.7 MB/72.1 MB
[G[1A[Jheroku: Updating CLI from 9.3.0 to 9.3.0-65eb66a... [38;5;104m⣽[0m 5.7 MB/72.1 MB
[G[1A[Jheroku: Updating CLI from 9.3.0 to 9.3.0-65eb66a... [38;5;104m⣻[0m 5.7 MB/72.1 MB
[G[1A[Jheroku: Updating CLI from 9.3.0 to 9.3.0-65eb66a... [38;5;104m⢿[0m 6.1 MB/72.1 MB
[G[1A[Jheroku: Updating CLI from 9.3.0 to 9.3.0-65eb66a... [38;5;104m⡿[0m 6.1 MB/72.1 MB
[G[1A[Jheroku: Updating CLI from 9.3.0 to 9.3.0-65eb66a... [38;5;104m⣟[0m 6.1 MB/72.1 MB
[G[1A[Jheroku: Updating CLI from 9.3.0 to 9.3.0-65eb66a... [38;5;104m⣯[0m 6.2 MB/72.1 MB
[G[1A[Jheroku: Updating CLI from 9.3.0 to 9.3.0-65eb66a... [38;5;104m⣷[0m 6.2 MB/72.1 MB
[G[1A[Jheroku: Updating CLI from 9.3.0 to 9.3.0-65eb66a... [38;5;104m⣾[0m 6.3 MB/72.1 MB
[G[1A[Jheroku: Updating CLI from 9.3.0 to 9.3.0-65eb66a... [38;5;104m⣽[0m 6.3 MB/72.1 MB
[G[1A[Jheroku: Updating CLI from 9.3.0 to 9.3.0-65eb66a... [38;5;104m⣻[0m 6.3 MB/72.1 MB
[G[1A[Jheroku: Updating CLI from 9.3.0 to 9.3.0-65eb66a... [38;5;104m⢿[0m 6.7 MB/72.1 MB
[G[1A[Jheroku: Updating CLI from 9.3.0 to 9.3.0-65eb66a... [38;5;104m⡿[0m 6.7 MB/72.1 MB
[G[1A[Jheroku: Updating CLI from 9.3.0 to 9.3.0-65eb66a... [38;5;104m⣟[0m 7.2 MB/72.1 MB
[G[1A[Jheroku: Updating CLI from 9.3.0 to 9.3.0-65eb66a... [38;5;104m⣯[0m 7.2 MB/72.1 MB
[G[1A[Jheroku: Updating CLI from 9.3.0 to 9.3.0-65eb66a... [38;5;104m⣷[0m 7.2 MB/72.1 MB
[G[1A[Jheroku: Updating CLI from 9.3.0 to 9.3.0-65eb66a... [38;5;104m⣾[0m 7.6 MB/72.1 MB
[G[1A[Jheroku: Updating CLI from 9.3.0 to 9.3.0-65eb66a... [38;5;104m⣽[0m 7.6 MB/72.1 MB
[G[1A[Jheroku: Updating CLI from 9.3.0 to 9.3.0-65eb66a... [38;5;104m⣻[0m 8.1 MB/72.1 MB
[G[1A[Jheroku: Updating CLI from 9.3.0 to 9.3.0-65eb66a... [38;5;104m⢿[0m 8.1 MB/72.1 MB
[G[1A[Jheroku: Updating CLI from 9.3.0 to 9.3.0-65eb66a... [38;5;104m⡿[0m 8.1 MB/72.1 MB
[G[1A[Jheroku: Updating CLI from 9.3.0 to 9.3.0-65eb66a... [38;5;104m⣟[0m 8.7 MB/72.1 MB
[G[1A[Jheroku: Updating CLI from 9.3.0 to 9.3.0-65eb66a... [38;5;104m⣯[0m 8.7 MB/72.1 MB
[G[1A[Jheroku: Updating CLI from 9.3.0 to 9.3.0-65eb66a... [38;5;104m⣷[0m 8.7 MB/72.1 MB
[G[1A[Jheroku: Updating CLI from 9.3.0 to 9.3.0-65eb66a... [38;5;104m⣾[0m 8.9 MB/72.1 MB
[G[1A[Jheroku: Updating CLI from 9.3.0 to 9.3.0-65eb66a... [38;5;104m⣽[0m 8.9 MB/72.1 MB
[G[1A[Jheroku: Updating CLI from 9.3.0 to 9.3.0-65eb66a... [38;5;104m⣻[0m 9.1 MB/72.1 MB
[G[1A[Jheroku: Updating CLI from 9.3.0 to 9.3.0-65eb66a... [38;5;104m⢿[0m 9.1 MB/72.1 MB
[G[1A[Jheroku: Updating CLI from 9.3.0 to 9.3.0-65eb66a... [38;5;104m⡿[0m 9.2 MB/72.1 MB
[G[1A[Jheroku: Updating CLI from 9.3.0 to 9.3.0-65eb66a... [38;5;104m⣟[0m 9.2 MB/72.1 MB
[G[1A[Jheroku: Updating CLI from 9.3.0 to 9.3.0-65eb66a... [38;5;104m⣯[0m 9.2 MB/72.1 MB
[G[1A[Jheroku: Updating CLI from 9.3.0 to 9.3.0-65eb66a... [38;5;104m⣷[0m 9.3 MB/72.1 MB
[G[1A[Jheroku: Updating CLI from 9.3.0 to 9.3.0-65eb66a... [38;5;104m⣾[0m 9.3 MB/72.1 MB
[G[1A[Jheroku: Updating CLI from 9.3.0 to 9.3.0-65eb66a... [38;5;104m⣽[0m 9.3 MB/72.1 MB
[G[1A[Jheroku: Updating CLI from 9.3.0 to 9.3.0-65eb66a... [38;5;104m⣻[0m 9.7 MB/72.1 MB
[G[1A[Jheroku: Updating CLI from 9.3.0 to 9.3.0-65eb66a... [38;5;104m⢿[0m 9.7 MB/72.1 MB
[G[1A[Jheroku: Updating CLI from 9.3.0 to 9.3.0-65eb66a... [38;5;104m⡿[0m 9.7 MB/72.1 MB
[G[1A[Jheroku: Updating CLI from 9.3.0 to 9.3.0-65eb66a... [38;5;104m⣟[0m 9.8 MB/72.1 MB
[G[1A[Jheroku: Updating CLI from 9.3.0 to 9.3.0-65eb66a... [38;5;104m⣯[0m 9.8 MB/72.1 MB
[G[1A[Jheroku: Updating CLI from 9.3.0 to 9.3.0-65eb66a... [38;5;104m⣷[0m 10.0 MB/72.1 MB
[G[1A[Jheroku: Updating CLI from 9.3.0 to 9.3.0-65eb66a... [38;5;104m⣾[0m 10.0 MB/72.1 MB
[G[1A[Jheroku: Updating CLI from 9.3.0 to 9.3.0-65eb66a... [38;5;104m⣽[0m 10.0 MB/72.1 MB
[G[1A[Jheroku: Updating CLI from 9.3.0 to 9.3.0-65eb66a... [38;5;104m⣻[0m 10.2 MB/72.1 MB
[G[1A[Jheroku: Updating CLI from 9.3.0 to 9.3.0-65eb66a... [38;5;104m⢿[0m 10.2 MB/72.1 MB
[G[1A[Jheroku: Updating CLI from 9.3.0 to 9.3.0-65eb66a... [38;5;104m⡿[0m 10.3 MB/72.1 MB
[G[1A[Jheroku: Updating CLI from 9.3.0 to 9.3.0-65eb66a... [38;5;104m⣟[0m 10.3 MB/72.1 MB
[G[1A[Jheroku: Updating CLI from 9.3.0 to 9.3.0-65eb66a... [38;5;104m⣯[0m 10.3 MB/72.1 MB
[G[1A[Jheroku: Updating CLI from 9.3.0 to 9.3.0-65eb66a... [38;5;104m⣷[0m 10.4 MB/72.1 MB
[G[1A[Jheroku: Updating CLI from 9.3.0 to 9.3.0-65eb66a... [38;5;104m⣾[0m 10.4 MB/72.1 MB
[G[1A[Jheroku: Updating CLI from 9.3.0 to 9.3.0-65eb66a... [38;5;104m⣽[0m 10.8 MB/72.1 MB
[G[1A[Jheroku: Updating CLI from 9.3.0 to 9.3.0-65eb66a... [38;5;104m⣻[0m 10.8 MB/72.1 MB
[G[1A[Jheroku: Updating CLI from 9.3.0 to 9.3.0-65eb66a... [38;5;104m⢿[0m 10.8 MB/72.1 MB
[G[1A[Jheroku: Updating CLI from 9.3.0 to 9.3.0-65eb66a... [38;5;104m⡿[0m 12.4 MB/72.1 MB
[G[1A[Jheroku: Updating CLI from 9.3.0 to 9.3.0-65eb66a... [38;5;104m⣟[0m 12.4 MB/72.1 MB
[G[1A[Jheroku: Updating CLI from 9.3.0 to 9.3.0-65eb66a... [38;5;104m⣯[0m 12.7 MB/72.1 MB
[G[1A[Jheroku: Updating CLI from 9.3.0 to 9.3.0-65eb66a... [38;5;104m⣷[0m 12.7 MB/72.1 MB
[G[1A[Jheroku: Updating CLI from 9.3.0 to 9.3.0-65eb66a... [38;5;104m⣾[0m 12.7 MB/72.1 MB
[G[1A[Jheroku: Updating CLI from 9.3.0 to 9.3.0-65eb66a... [38;5;104m⣽[0m 12.9 MB/72.1 MB
[G[1A[Jheroku: Updating CLI from 9.3.0 to 9.3.0-65eb66a... [38;5;104m⣻[0m 12.9 MB/72.1 MB
[G[1A[Jheroku: Updating CLI from 9.3.0 to 9.3.0-65eb66a... [38;5;104m⢿[0m 13.0 MB/72.1 MB
[G[1A[Jheroku: Updating CLI from 9.3.0 to 9.3.0-65eb66a... [38;5;104m⡿[0m 13.0 MB/72.1 MB
[G[1A[Jheroku: Updating CLI from 9.3.0 to 9.3.0-65eb66a... [38;5;104m⣟[0m 13.0 MB/72.1 MB
[G[1A[Jheroku: Updating CLI from 9.3.0 to 9.3.0-65eb66a... [38;5;104m⣯[0m 13.3 MB/72.1 MB
[G[1A[Jheroku: Updating CLI from 9.3.0 to 9.3.0-65eb66a... [38;5;104m⣷[0m 13.3 MB/72.1 MB
[G[1A[Jheroku: Updating CLI from 9.3.0 to 9.3.0-65eb66a... [38;5;104m⣾[0m 13.3 MB/72.1 MB
[G[1A[Jheroku: Updating CLI from 9.3.0 to 9.3.0-65eb66a... [38;5;104m⣽[0m 13.5 MB/72.1 MB
[G[1A[Jheroku: Updating CLI from 9.3.0 to 9.3.0-65eb66a... [38;5;104m⣻[0m 13.5 MB/72.1 MB
[G[1A[Jheroku: Updating CLI from 9.3.0 to 9.3.0-65eb66a... [38;5;104m⢿[0m 13.7 MB/72.1 MB
[G[1A[Jheroku: Updating CLI from 9.3.0 to 9.3.0-65eb66a... [38;5;104m⡿[0m 13.7 MB/72.1 MB
[G[1A[Jheroku: Updating CLI from 9.3.0 to 9.3.0-65eb66a... [38;5;104m⣟[0m 13.7 MB/72.1 MB
[G[1A[Jheroku: Updating CLI from 9.3.0 to 9.3.0-65eb66a... [38;5;104m⣯[0m 14.0 MB/72.1 MB
[G[1A[Jheroku: Updating CLI from 9.3.0 to 9.3.0-65eb66a... [38;5;104m⣷[0m 14.0 MB/72.1 MB
[G[1A[Jheroku: Updating CLI from 9.3.0 to 9.3.0-65eb66a... [38;5;104m⣾[0m 14.6 MB/72.1 MB
[G[1A[Jheroku: Updating CLI from 9.3.0 to 9.3.0-65eb66a... [38;5;104m⣽[0m 14.6 MB/72.1 MB
[G[1A[Jheroku: Updating CLI from 9.3.0 to 9.3.0-65eb66a... [38;5;104m⣻[0m 14.6 MB/72.1 MB
[G[1A[Jheroku: Updating CLI from 9.3.0 to 9.3.0-65eb66a... [38;5;104m⢿[0m 15.5 MB/72.1 MB
[G[1A[Jheroku: Updating CLI from 9.3.0 to 9.3.0-65eb66a... [38;5;104m⡿[0m 15.5 MB/72.1 MB
[G[1A[Jheroku: Updating CLI from 9.3.0 to 9.3.0-65eb66a... [38;5;104m⣟[0m 15.5 MB/72.1 MB
[G[1A[Jheroku: Updating CLI from 9.3.0 to 9.3.0-65eb66a... [38;5;104m⣯[0m 16.1 MB/72.1 MB
[G[1A[Jheroku: Updating CLI from 9.3.0 to 9.3.0-65eb66a... [38;5;104m⣷[0m 16.1 MB/72.1 MB
[G[1A[Jheroku: Updating CLI from 9.3.0 to 9.3.0-65eb66a... [38;5;104m⣾[0m 16.7 MB/72.1 MB
[G[1A[Jheroku: Updating CLI from 9.3.0 to 9.3.0-65eb66a... [38;5;104m⣽[0m 16.7 MB/72.1 MB
[G[1A[Jheroku: Updating CLI from 9.3.0 to 9.3.0-65eb66a... [38;5;104m⣻[0m 16.7 MB/72.1 MB
[G[1A[Jheroku: Updating CLI from 9.3.0 to 9.3.0-65eb66a... [38;5;104m⢿[0m 18.8 MB/72.1 MB
[G[1A[Jheroku: Updating CLI from 9.3.0 to 9.3.0-65eb66a... [38;5;104m⡿[0m 18.8 MB/72.1 MB
[G[1A[Jheroku: Updating CLI from 9.3.0 to 9.3.0-65eb66a... [38;5;104m⣟[0m 19.0 MB/72.1 MB
[G[1A[Jheroku: Updating CLI from 9.3.0 to 9.3.0-65eb66a... [38;5;104m⣯[0m 19.0 MB/72.1 MB
[G[1A[Jheroku: Updating CLI from 9.3.0 to 9.3.0-65eb66a... [38;5;104m⣷[0m 19.0 MB/72.1 MB
[G[1A[Jheroku: Updating CLI from 9.3.0 to 9.3.0-65eb66a... [38;5;104m⣾[0m 19.3 MB/72.1 MB
[G[1A[Jheroku: Updating CLI from 9.3.0 to 9.3.0-65eb66a... [38;5;104m⣽[0m 19.3 MB/72.1 MB
[G[1A[Jheroku: Updating CLI from 9.3.0 to 9.3.0-65eb66a... [38;5;104m⣻[0m 19.3 MB/72.1 MB
[G[1A[Jheroku: Updating CLI from 9.3.0 to 9.3.0-65eb66a... [38;5;104m⢿[0m 19.4 MB/72.1 MB
[G[1A[Jheroku: Updating CLI from 9.3.0 to 9.3.0-65eb66a... [38;5;104m⡿[0m 19.4 MB/72.1 MB
[G[1A[Jheroku: Updating CLI from 9.3.0 to 9.3.0-65eb66a... [38;5;104m⣟[0m 19.4 MB/72.1 MB
[G[1A[Jheroku: Updating CLI from 9.3.0 to 9.3.0-65eb66a... [38;5;104m⣯[0m 19.5 MB/72.1 MB
[G[1A[Jheroku: Updating CLI from 9.3.0 to 9.3.0-65eb66a... [38;5;104m⣷[0m 19.5 MB/72.1 MB
[G[1A[Jheroku: Updating CLI from 9.3.0 to 9.3.0-65eb66a... [38;5;104m⣾[0m 19.6 MB/72.1 MB
[G[1A[Jheroku: Updating CLI from 9.3.0 to 9.3.0-65eb66a... [38;5;104m⣽[0m 19.6 MB/72.1 MB
[G[1A[Jheroku: Updating CLI from 9.3.0 to 9.3.0-65eb66a... [38;5;104m⣻[0m 19.6 MB/72.1 MB
[G[1A[Jheroku: Updating CLI from 9.3.0 to 9.3.0-65eb66a... [38;5;104m⢿[0m 19.9 MB/72.1 MB
[G[1A[Jheroku: Updating CLI from 9.3.0 to 9.3.0-65eb66a... [38;5;104m⡿[0m 19.9 MB/72.1 MB
[G[1A[Jheroku: Updating CLI from 9.3.0 to 9.3.0-65eb66a... [38;5;104m⣟[0m 19.9 MB/72.1 MB
[G[1A[Jheroku: Updating CLI from 9.3.0 to 9.3.0-65eb66a... [38;5;104m⣯[0m 20.0 MB/72.1 MB
[G[1A[Jheroku: Updating CLI from 9.3.0 to 9.3.0-65eb66a... [38;5;104m⣷[0m 20.0 MB/72.1 MB
[G[1A[Jheroku: Updating CLI from 9.3.0 to 9.3.0-65eb66a... [38;5;104m⣾[0m 20.0 MB/72.1 MB
[G[1A[Jheroku: Updating CLI from 9.3.0 to 9.3.0-65eb66a... [38;5;104m⣽[0m 22.7 MB/72.1 MB
[G[1A[Jheroku: Updating CLI from 9.3.0 to 9.3.0-65eb66a... [38;5;104m⣻[0m 22.7 MB/72.1 MB
[G[1A[Jheroku: Updating CLI from 9.3.0 to 9.3.0-65eb66a... [38;5;104m⢿[0m 26.2 MB/72.1 MB
[G[1A[Jheroku: Updating CLI from 9.3.0 to 9.3.0-65eb66a... [38;5;104m⡿[0m 26.2 MB/72.1 MB
[G[1A[Jheroku: Updating CLI from 9.3.0 to 9.3.0-65eb66a... [38;5;104m⣟[0m 26.2 MB/72.1 MB
[G[1A[Jheroku: Updating CLI from 9.3.0 to 9.3.0-65eb66a... [38;5;104m⣯[0m 28.5 MB/72.1 MB
[G[1A[Jheroku: Updating CLI from 9.3.0 to 9.3.0-65eb66a... [38;5;104m⣷[0m 28.5 MB/72.1 MB
[G[1A[Jheroku: Updating CLI from 9.3.0 to 9.3.0-65eb66a... [38;5;104m⣾[0m 31.8 MB/72.1 MB
[G[1A[Jheroku: Updating CLI from 9.3.0 to 9.3.0-65eb66a... [38;5;104m⣽[0m 31.8 MB/72.1 MB
[G[1A[Jheroku: Updating CLI from 9.3.0 to 9.3.0-65eb66a... [38;5;104m⣻[0m 31.8 MB/72.1 MB
[G[1A[Jheroku: Updating CLI from 9.3.0 to 9.3.0-65eb66a... [38;5;104m⢿[0m 36.4 MB/72.1 MB
[G[1A[Jheroku: Updating CLI from 9.3.0 to 9.3.0-65eb66a... [38;5;104m⡿[0m 36.4 MB/72.1 MB
[G[1A[Jheroku: Updating CLI from 9.3.0 to 9.3.0-65eb66a... [38;5;104m⣟[0m 42.4 MB/72.1 MB
[G[1A[Jheroku: Updating CLI from 9.3.0 to 9.3.0-65eb66a... [38;5;104m⣯[0m 42.4 MB/72.1 MB
[G[1A[Jheroku: Updating CLI from 9.3.0 to 9.3.0-65eb66a... [38;5;104m⣷[0m 42.4 MB/72.1 MB
[G[1A[Jheroku: Updating CLI from 9.3.0 to 9.3.0-65eb66a... [38;5;104m⣾[0m 49.6 MB/72.1 MB
[G[1A[Jheroku: Updating CLI from 9.3.0 to 9.3.0-65eb66a... [38;5;104m⣽[0m 49.6 MB/72.1 MB
[G[1A[Jheroku: Updating CLI from 9.3.0 to 9.3.0-65eb66a... [38;5;104m⣻[0m 57.6 MB/72.1 MB
[G[1A[Jheroku: Updating CLI from 9.3.0 to 9.3.0-65eb66a... [38;5;104m⢿[0m 57.6 MB/72.1 MB
[G[1A[Jheroku: Updating CLI from 9.3.0 to 9.3.0-65eb66a... [38;5;104m⡿[0m 57.6 MB/72.1 MB
[G[1A[Jheroku: Updating CLI from 9.3.0 to 9.3.0-65eb66a... [38;5;104m⣟[0m 66.8 MB/72.1 MB
[G[1A[Jheroku: Updating CLI from 9.3.0 to 9.3.0-65eb66a... [38;5;104m⣯[0m 66.8 MB/72.1 MB
[G[1A[Jheroku: Updating CLI from 9.3.0 to 9.3.0-65eb66a... [38;5;104m⣷[0m 66.8 MB/72.1 MB
[G[1A[Jheroku: Updating CLI from 9.3.0 to 9.3.0-65eb66a... [38;5;104m⣾[0m 66.8 MB/72.1 MB
[G[1A[Jheroku: Updating CLI from 9.3.0 to 9.3.0-65eb66a... [38;5;104m⣽[0m 66.8 MB/72.1 MB
[G[1A[Jheroku: Updating CLI from 9.3.0 to 9.3.0-65eb66a... [38;5;104m⣻[0m 66.8 MB/72.1 MB
[G[1A[Jheroku: Updating CLI from 9.3.0 to 9.3.0-65eb66a... [38;5;104m⢿[0m 66.8 MB/72.1 MB
[G[1A[JUpdating completions...
[G[1A[JUpdating completions... [38;5;104m⡿[0m
[G[1A[JUpdating completions... [38;5;104m⣟[0m
[G[1A[JUpdating completions... [38;5;104m⣯[0m
[G[1A[JUpdating completions... [38;5;104m⣷[0m
[G[1A[JUpdating completions... [38;5;104m⣾[0m
[G[1A[JUpdating completions... [38;5;104m⣽[0m
[G[1A[JUpdating completions... [38;5;104m⣻[0m
[G[1A[JUpdating completions... [38;5;104m⢿[0m
[G[1A[JUpdating completions... [38;5;104m⡿[0m
[G[1A[JUpdating completions... [38;5;104m⣟[0m
[G[1A[JUpdating completions... [38;5;104m⣯[0m
[G[1A[JUpdating completions... [38;5;104m⣷[0m
[G[1A[JUpdating completions... [38;5;104m⣾[0m
[G[1A[JUpdating completions... [38;5;104m⣽[0m
[G[1A[JUpdating completions... [38;5;104m⣻[0m
[G[1A[JUpdating completions... [38;5;104m⢿[0m
[G[1A[JUpdating completions... [38;5;104m⡿[0m
[G[1A[JUpdating completions... done
Updating completions...
[G[1A[JUpdating completions... [38;5;104m⣟[0m
[G[1A[JUpdating completions... [38;5;104m⣯[0m
[G[1A[JUpdating completions... [38;5;104m⣷[0m
[G[1A[JUpdating completions... [38;5;104m⣾[0m
[G[1A[JUpdating completions... [38;5;104m⣽[0m
[G[1A[JUpdating completions... [38;5;104m⣻[0m
[G[1A[JUpdating completions... [38;5;104m⢿[0m
[G[1A[JUpdating completions... [38;5;104m⡿[0m
[G[1A[JUpdating completions... [38;5;104m⣟[0m
[G[1A[JUpdating completions... [38;5;104m⣯[0m
[G[1A[JUpdating completions... [38;5;104m⣷[0m
[G[1A[JUpdating completions... [38;5;104m⣾[0m
[G[1A[JUpdating completions... [38;5;104m⣽[0m
[G[1A[JUpdating completions... [38;5;104m⣻[0m
[G[1A[JUpdating completions... [38;5;104m⢿[0m
[G[1A[JUpdating completions... [38;5;104m⡿[0m
[G[1A[JUpdating completions... [38;5;104m⣟[0m
[G[1A[JUpdating completions... done
